{"/Users/abdellahm/Desktop/RN/MyTravelsJournal/components/Button.js": {"path":"/Users/abdellahm/Desktop/RN/MyTravelsJournal/components/Button.js","statementMap":{"0":{"start":{"line":2,"column":15},"end":{"line":8,"column":1}},"1":{"start":{"line":3,"column":2},"end":{"line":7,"column":4}},"2":{"start":{"line":9,"column":15},"end":{"line":21,"column":2}}},"fnMap":{"0":{"name":"(anonymous_0)","decl":{"start":{"line":2,"column":15},"end":{"line":2,"column":16}},"loc":{"start":{"line":2,"column":57},"end":{"line":8,"column":1}},"line":2}},"branchMap":{},"s":{"0":2,"1":21,"2":2},"f":{"0":21},"b":{},"_coverageSchema":"1a1c01bbd47fc00a2c39e90264f33305004495a9","hash":"29e8a79c3e07e7c9c850a062d38b98c669cc599f"}
,"/Users/abdellahm/Desktop/RN/MyTravelsJournal/components/Card.js": {"path":"/Users/abdellahm/Desktop/RN/MyTravelsJournal/components/Card.js","statementMap":{"0":{"start":{"line":2,"column":13},"end":{"line":15,"column":1}},"1":{"start":{"line":3,"column":2},"end":{"line":14,"column":4}},"2":{"start":{"line":16,"column":15},"end":{"line":42,"column":2}}},"fnMap":{"0":{"name":"(anonymous_0)","decl":{"start":{"line":2,"column":13},"end":{"line":2,"column":14}},"loc":{"start":{"line":2,"column":62},"end":{"line":15,"column":1}},"line":2}},"branchMap":{},"s":{"0":2,"1":11,"2":2},"f":{"0":11},"b":{},"_coverageSchema":"1a1c01bbd47fc00a2c39e90264f33305004495a9","hash":"5963f3da9827de7acfdfe1ededb686128e5dbe2a"}
,"/Users/abdellahm/Desktop/RN/MyTravelsJournal/screens/AddDestinationScreen.js": {"path":"/Users/abdellahm/Desktop/RN/MyTravelsJournal/screens/AddDestinationScreen.js","statementMap":{"0":{"start":{"line":10,"column":25},"end":{"line":14,"column":2}},"1":{"start":{"line":15,"column":29},"end":{"line":123,"column":1}},"2":{"start":{"line":16,"column":28},"end":{"line":16,"column":42}},"3":{"start":{"line":17,"column":29},"end":{"line":17,"column":59}},"4":{"start":{"line":18,"column":21},"end":{"line":18,"column":45}},"5":{"start":{"line":21,"column":23},"end":{"line":21,"column":78}},"6":{"start":{"line":22,"column":4},"end":{"line":28,"column":5}},"7":{"start":{"line":23,"column":6},"end":{"line":26,"column":8}},"8":{"start":{"line":27,"column":6},"end":{"line":27,"column":19}},"9":{"start":{"line":29,"column":4},"end":{"line":29,"column":16}},"10":{"start":{"line":31,"column":20},"end":{"line":47,"column":3}},"11":{"start":{"line":32,"column":26},"end":{"line":32,"column":57}},"12":{"start":{"line":34,"column":4},"end":{"line":36,"column":5}},"13":{"start":{"line":35,"column":6},"end":{"line":35,"column":13}},"14":{"start":{"line":37,"column":17},"end":{"line":42,"column":6}},"15":{"start":{"line":44,"column":4},"end":{"line":46,"column":5}},"16":{"start":{"line":45,"column":6},"end":{"line":45,"column":37}},"17":{"start":{"line":49,"column":2},"end":{"line":122,"column":4}},"18":{"start":{"line":55,"column":10},"end":{"line":55,"column":46}},"19":{"start":{"line":56,"column":10},"end":{"line":56,"column":39}},"20":{"start":{"line":57,"column":10},"end":{"line":57,"column":47}},"21":{"start":{"line":58,"column":10},"end":{"line":58,"column":30}},"22":{"start":{"line":69,"column":10},"end":{"line":118,"column":17}},"23":{"start":{"line":124,"column":15},"end":{"line":140,"column":2}}},"fnMap":{"0":{"name":"(anonymous_0)","decl":{"start":{"line":15,"column":29},"end":{"line":15,"column":30}},"loc":{"start":{"line":15,"column":49},"end":{"line":123,"column":1}},"line":15},"1":{"name":"verifyPermissionHandler","decl":{"start":{"line":20,"column":17},"end":{"line":20,"column":40}},"loc":{"start":{"line":20,"column":43},"end":{"line":30,"column":3}},"line":20},"2":{"name":"(anonymous_2)","decl":{"start":{"line":31,"column":20},"end":{"line":31,"column":21}},"loc":{"start":{"line":31,"column":32},"end":{"line":47,"column":3}},"line":31},"3":{"name":"(anonymous_3)","decl":{"start":{"line":54,"column":18},"end":{"line":54,"column":19}},"loc":{"start":{"line":54,"column":30},"end":{"line":59,"column":9}},"line":54},"4":{"name":"(anonymous_4)","decl":{"start":{"line":61,"column":9},"end":{"line":61,"column":10}},"loc":{"start":{"line":69,"column":10},"end":{"line":118,"column":17}},"line":69}},"branchMap":{"0":{"loc":{"start":{"line":22,"column":4},"end":{"line":28,"column":5}},"type":"if","locations":[{"start":{"line":22,"column":4},"end":{"line":28,"column":5}},{"start":{},"end":{}}],"line":22},"1":{"loc":{"start":{"line":34,"column":4},"end":{"line":36,"column":5}},"type":"if","locations":[{"start":{"line":34,"column":4},"end":{"line":36,"column":5}},{"start":{},"end":{}}],"line":34},"2":{"loc":{"start":{"line":44,"column":4},"end":{"line":46,"column":5}},"type":"if","locations":[{"start":{"line":44,"column":4},"end":{"line":46,"column":5}},{"start":{},"end":{}}],"line":44},"3":{"loc":{"start":{"line":79,"column":13},"end":{"line":84,"column":13}},"type":"binary-expr","locations":[{"start":{"line":79,"column":13},"end":{"line":79,"column":18}},{"start":{"line":80,"column":14},"end":{"line":83,"column":16}}],"line":79},"4":{"loc":{"start":{"line":96,"column":13},"end":{"line":98,"column":13}},"type":"binary-expr","locations":[{"start":{"line":96,"column":13},"end":{"line":96,"column":26}},{"start":{"line":96,"column":30},"end":{"line":96,"column":42}},{"start":{"line":97,"column":14},"end":{"line":97,"column":62}}],"line":96},"5":{"loc":{"start":{"line":110,"column":13},"end":{"line":112,"column":13}},"type":"binary-expr","locations":[{"start":{"line":110,"column":13},"end":{"line":110,"column":32}},{"start":{"line":110,"column":36},"end":{"line":110,"column":54}},{"start":{"line":111,"column":14},"end":{"line":111,"column":68}}],"line":110},"6":{"loc":{"start":{"line":114,"column":13},"end":{"line":116,"column":13}},"type":"binary-expr","locations":[{"start":{"line":114,"column":13},"end":{"line":114,"column":26}},{"start":{"line":114,"column":30},"end":{"line":114,"column":42}},{"start":{"line":115,"column":14},"end":{"line":115,"column":62}}],"line":114}},"s":{"0":1,"1":1,"2":4,"3":4,"4":4,"5":2,"6":2,"7":1,"8":1,"9":1,"10":4,"11":2,"12":2,"13":1,"14":1,"15":1,"16":1,"17":4,"18":1,"19":1,"20":1,"21":1,"22":10,"23":1},"f":{"0":4,"1":2,"2":2,"3":1,"4":10},"b":{"0":[1,1],"1":[1,1],"2":[1,0],"3":[10,5],"4":[10,4,2],"5":[10,4,1],"6":[10,0,0]},"_coverageSchema":"1a1c01bbd47fc00a2c39e90264f33305004495a9","hash":"6559220bc583025c88b66ee27f01e23415f12204"}
,"/Users/abdellahm/Desktop/RN/MyTravelsJournal/screens/DetailsScreen.js": {"path":"/Users/abdellahm/Desktop/RN/MyTravelsJournal/screens/DetailsScreen.js","statementMap":{"0":{"start":{"line":11,"column":22},"end":{"line":72,"column":1}},"1":{"start":{"line":12,"column":19},"end":{"line":12,"column":23}},"2":{"start":{"line":13,"column":16},"end":{"line":13,"column":19}},"3":{"start":{"line":15,"column":26},"end":{"line":15,"column":38}},"4":{"start":{"line":16,"column":21},"end":{"line":16,"column":45}},"5":{"start":{"line":17,"column":19},"end":{"line":17,"column":36}},"6":{"start":{"line":18,"column":19},"end":{"line":18,"column":36}},"7":{"start":{"line":19,"column":19},"end":{"line":19,"column":36}},"8":{"start":{"line":20,"column":2},"end":{"line":33,"column":9}},"9":{"start":{"line":21,"column":4},"end":{"line":24,"column":6}},"10":{"start":{"line":25,"column":4},"end":{"line":28,"column":6}},"11":{"start":{"line":29,"column":4},"end":{"line":32,"column":6}},"12":{"start":{"line":34,"column":25},"end":{"line":36,"column":4}},"13":{"start":{"line":35,"column":4},"end":{"line":35,"column":39}},"14":{"start":{"line":38,"column":25},"end":{"line":40,"column":4}},"15":{"start":{"line":39,"column":4},"end":{"line":39,"column":39}},"16":{"start":{"line":42,"column":25},"end":{"line":44,"column":4}},"17":{"start":{"line":43,"column":4},"end":{"line":43,"column":39}},"18":{"start":{"line":46,"column":2},"end":{"line":71,"column":4}},"19":{"start":{"line":73,"column":15},"end":{"line":99,"column":2}}},"fnMap":{"0":{"name":"(anonymous_0)","decl":{"start":{"line":11,"column":22},"end":{"line":11,"column":23}},"loc":{"start":{"line":11,"column":37},"end":{"line":72,"column":1}},"line":11},"1":{"name":"(anonymous_1)","decl":{"start":{"line":20,"column":12},"end":{"line":20,"column":13}},"loc":{"start":{"line":20,"column":18},"end":{"line":33,"column":3}},"line":20},"2":{"name":"(anonymous_2)","decl":{"start":{"line":34,"column":42},"end":{"line":34,"column":43}},"loc":{"start":{"line":34,"column":48},"end":{"line":36,"column":3}},"line":34},"3":{"name":"(anonymous_3)","decl":{"start":{"line":38,"column":42},"end":{"line":38,"column":43}},"loc":{"start":{"line":38,"column":48},"end":{"line":40,"column":3}},"line":38},"4":{"name":"(anonymous_4)","decl":{"start":{"line":42,"column":42},"end":{"line":42,"column":43}},"loc":{"start":{"line":42,"column":48},"end":{"line":44,"column":3}},"line":42}},"branchMap":{},"s":{"0":1,"1":2,"2":2,"3":2,"4":2,"5":2,"6":2,"7":2,"8":2,"9":2,"10":2,"11":2,"12":2,"13":2,"14":2,"15":2,"16":2,"17":2,"18":2,"19":1},"f":{"0":2,"1":2,"2":2,"3":2,"4":2},"b":{},"_coverageSchema":"1a1c01bbd47fc00a2c39e90264f33305004495a9","hash":"143f84fbf43a73225efde8e41d5ba734dfdb486b"}
,"/Users/abdellahm/Desktop/RN/MyTravelsJournal/screens/HomeScreen.js": {"path":"/Users/abdellahm/Desktop/RN/MyTravelsJournal/screens/HomeScreen.js","statementMap":{"0":{"start":{"line":12,"column":19},"end":{"line":69,"column":1}},"1":{"start":{"line":13,"column":45},"end":{"line":13,"column":75}},"2":{"start":{"line":14,"column":21},"end":{"line":14,"column":45}},"3":{"start":{"line":15,"column":48},"end":{"line":15,"column":60}},"4":{"start":{"line":16,"column":32},"end":{"line":16,"column":46}},"5":{"start":{"line":17,"column":28},"end":{"line":17,"column":42}},"6":{"start":{"line":18,"column":2},"end":{"line":35,"column":9}},"7":{"start":{"line":19,"column":4},"end":{"line":34,"column":9}},"8":{"start":{"line":20,"column":26},"end":{"line":20,"column":41}},"9":{"start":{"line":22,"column":29},"end":{"line":26,"column":11}},"10":{"start":{"line":22,"column":56},"end":{"line":26,"column":9}},"11":{"start":{"line":28,"column":8},"end":{"line":28,"column":41}},"12":{"start":{"line":29,"column":8},"end":{"line":29,"column":26}},"13":{"start":{"line":32,"column":8},"end":{"line":32,"column":24}},"14":{"start":{"line":33,"column":8},"end":{"line":33,"column":26}},"15":{"start":{"line":36,"column":26},"end":{"line":36,"column":67}},"16":{"start":{"line":38,"column":2},"end":{"line":46,"column":3}},"17":{"start":{"line":39,"column":4},"end":{"line":45,"column":6}},"18":{"start":{"line":47,"column":2},"end":{"line":49,"column":3}},"19":{"start":{"line":48,"column":4},"end":{"line":48,"column":47}},"20":{"start":{"line":50,"column":2},"end":{"line":68,"column":4}},"21":{"start":{"line":54,"column":39},"end":{"line":54,"column":55}},"22":{"start":{"line":56,"column":10},"end":{"line":64,"column":12}},"23":{"start":{"line":60,"column":14},"end":{"line":60,"column":67}},"24":{"start":{"line":70,"column":15},"end":{"line":75,"column":2}}},"fnMap":{"0":{"name":"(anonymous_0)","decl":{"start":{"line":12,"column":19},"end":{"line":12,"column":20}},"loc":{"start":{"line":12,"column":39},"end":{"line":69,"column":1}},"line":12},"1":{"name":"(anonymous_1)","decl":{"start":{"line":18,"column":12},"end":{"line":18,"column":13}},"loc":{"start":{"line":18,"column":18},"end":{"line":35,"column":3}},"line":18},"2":{"name":"(anonymous_2)","decl":{"start":{"line":20,"column":12},"end":{"line":20,"column":13}},"loc":{"start":{"line":20,"column":26},"end":{"line":20,"column":41}},"line":20},"3":{"name":"(anonymous_3)","decl":{"start":{"line":21,"column":12},"end":{"line":21,"column":13}},"loc":{"start":{"line":21,"column":22},"end":{"line":30,"column":7}},"line":21},"4":{"name":"(anonymous_4)","decl":{"start":{"line":22,"column":38},"end":{"line":22,"column":39}},"loc":{"start":{"line":22,"column":56},"end":{"line":26,"column":9}},"line":22},"5":{"name":"(anonymous_5)","decl":{"start":{"line":31,"column":13},"end":{"line":31,"column":14}},"loc":{"start":{"line":31,"column":24},"end":{"line":34,"column":7}},"line":31},"6":{"name":"(anonymous_6)","decl":{"start":{"line":54,"column":22},"end":{"line":54,"column":23}},"loc":{"start":{"line":54,"column":39},"end":{"line":54,"column":55}},"line":54},"7":{"name":"(anonymous_7)","decl":{"start":{"line":55,"column":20},"end":{"line":55,"column":21}},"loc":{"start":{"line":56,"column":10},"end":{"line":64,"column":12}},"line":56},"8":{"name":"(anonymous_8)","decl":{"start":{"line":59,"column":21},"end":{"line":59,"column":22}},"loc":{"start":{"line":60,"column":14},"end":{"line":60,"column":67}},"line":60}},"branchMap":{"0":{"loc":{"start":{"line":38,"column":2},"end":{"line":46,"column":3}},"type":"if","locations":[{"start":{"line":38,"column":2},"end":{"line":46,"column":3}},{"start":{},"end":{}}],"line":38},"1":{"loc":{"start":{"line":47,"column":2},"end":{"line":49,"column":3}},"type":"if","locations":[{"start":{"line":47,"column":2},"end":{"line":49,"column":3}},{"start":{},"end":{}}],"line":47}},"s":{"0":1,"1":8,"2":8,"3":8,"4":8,"5":8,"6":8,"7":4,"8":3,"9":3,"10":6,"11":3,"12":3,"13":1,"14":1,"15":8,"16":8,"17":4,"18":4,"19":1,"20":3,"21":13,"22":10,"23":1,"24":1},"f":{"0":8,"1":4,"2":3,"3":3,"4":6,"5":1,"6":13,"7":10,"8":1},"b":{"0":[4,4],"1":[1,3]},"_coverageSchema":"1a1c01bbd47fc00a2c39e90264f33305004495a9","hash":"598d76a026c5528ed61430e50485fcfd597a6bff"}
,"/Users/abdellahm/Desktop/RN/MyTravelsJournal/store/context/DestinationContext.js": {"path":"/Users/abdellahm/Desktop/RN/MyTravelsJournal/store/context/DestinationContext.js","statementMap":{"0":{"start":{"line":4,"column":34},"end":{"line":4,"column":49}},"1":{"start":{"line":5,"column":35},"end":{"line":31,"column":1}},"2":{"start":{"line":6,"column":42},"end":{"line":6,"column":54}},"3":{"start":{"line":8,"column":2},"end":{"line":16,"column":9}},"4":{"start":{"line":9,"column":29},"end":{"line":14,"column":5}},"5":{"start":{"line":10,"column":33},"end":{"line":10,"column":75}},"6":{"start":{"line":11,"column":6},"end":{"line":13,"column":7}},"7":{"start":{"line":12,"column":8},"end":{"line":12,"column":56}},"8":{"start":{"line":15,"column":4},"end":{"line":15,"column":23}},"9":{"start":{"line":17,"column":2},"end":{"line":22,"column":21}},"10":{"start":{"line":18,"column":29},"end":{"line":20,"column":5}},"11":{"start":{"line":19,"column":6},"end":{"line":19,"column":79}},"12":{"start":{"line":21,"column":4},"end":{"line":21,"column":23}},"13":{"start":{"line":23,"column":25},"end":{"line":25,"column":3}},"14":{"start":{"line":24,"column":4},"end":{"line":24,"column":78}},"15":{"start":{"line":24,"column":42},"end":{"line":24,"column":76}},"16":{"start":{"line":26,"column":2},"end":{"line":30,"column":4}}},"fnMap":{"0":{"name":"(anonymous_0)","decl":{"start":{"line":5,"column":35},"end":{"line":5,"column":36}},"loc":{"start":{"line":5,"column":53},"end":{"line":31,"column":1}},"line":5},"1":{"name":"(anonymous_1)","decl":{"start":{"line":8,"column":12},"end":{"line":8,"column":13}},"loc":{"start":{"line":8,"column":18},"end":{"line":16,"column":3}},"line":8},"2":{"name":"(anonymous_2)","decl":{"start":{"line":9,"column":29},"end":{"line":9,"column":30}},"loc":{"start":{"line":9,"column":41},"end":{"line":14,"column":5}},"line":9},"3":{"name":"(anonymous_3)","decl":{"start":{"line":17,"column":12},"end":{"line":17,"column":13}},"loc":{"start":{"line":17,"column":18},"end":{"line":22,"column":3}},"line":17},"4":{"name":"(anonymous_4)","decl":{"start":{"line":18,"column":29},"end":{"line":18,"column":30}},"loc":{"start":{"line":18,"column":41},"end":{"line":20,"column":5}},"line":18},"5":{"name":"(anonymous_5)","decl":{"start":{"line":23,"column":25},"end":{"line":23,"column":26}},"loc":{"start":{"line":23,"column":48},"end":{"line":25,"column":3}},"line":23},"6":{"name":"(anonymous_6)","decl":{"start":{"line":24,"column":20},"end":{"line":24,"column":21}},"loc":{"start":{"line":24,"column":42},"end":{"line":24,"column":76}},"line":24}},"branchMap":{"0":{"loc":{"start":{"line":11,"column":6},"end":{"line":13,"column":7}},"type":"if","locations":[{"start":{"line":11,"column":6},"end":{"line":13,"column":7}},{"start":{},"end":{}}],"line":11}},"s":{"0":3,"1":3,"2":6,"3":6,"4":3,"5":3,"6":3,"7":1,"8":3,"9":6,"10":6,"11":6,"12":6,"13":6,"14":2,"15":2,"16":6},"f":{"0":6,"1":3,"2":3,"3":6,"4":6,"5":2,"6":2},"b":{"0":[1,2]},"_coverageSchema":"1a1c01bbd47fc00a2c39e90264f33305004495a9","hash":"7f19e180375249df3c95b2a7cecdc2ea2419eff0"}
,"/Users/abdellahm/Desktop/RN/MyTravelsJournal/store/context/ThemContext.js": {"path":"/Users/abdellahm/Desktop/RN/MyTravelsJournal/store/context/ThemContext.js","statementMap":{"0":{"start":{"line":2,"column":28},"end":{"line":2,"column":43}},"1":{"start":{"line":3,"column":29},"end":{"line":36,"column":1}},"2":{"start":{"line":4,"column":38},"end":{"line":4,"column":53}},"3":{"start":{"line":5,"column":22},"end":{"line":7,"column":3}},"4":{"start":{"line":6,"column":4},"end":{"line":6,"column":43}},"5":{"start":{"line":6,"column":32},"end":{"line":6,"column":41}},"6":{"start":{"line":8,"column":16},"end":{"line":32,"column":3}},"7":{"start":{"line":33,"column":2},"end":{"line":35,"column":4}}},"fnMap":{"0":{"name":"(anonymous_0)","decl":{"start":{"line":3,"column":29},"end":{"line":3,"column":30}},"loc":{"start":{"line":3,"column":47},"end":{"line":36,"column":1}},"line":3},"1":{"name":"(anonymous_1)","decl":{"start":{"line":5,"column":22},"end":{"line":5,"column":23}},"loc":{"start":{"line":5,"column":28},"end":{"line":7,"column":3}},"line":5},"2":{"name":"(anonymous_2)","decl":{"start":{"line":6,"column":18},"end":{"line":6,"column":19}},"loc":{"start":{"line":6,"column":32},"end":{"line":6,"column":41}},"line":6}},"branchMap":{"0":{"loc":{"start":{"line":11,"column":12},"end":{"line":31,"column":9}},"type":"cond-expr","locations":[{"start":{"line":12,"column":8},"end":{"line":21,"column":9}},{"start":{"line":22,"column":8},"end":{"line":31,"column":9}}],"line":11}},"s":{"0":4,"1":4,"2":3,"3":3,"4":2,"5":2,"6":3,"7":3},"f":{"0":3,"1":2,"2":2},"b":{"0":[1,2]},"_coverageSchema":"1a1c01bbd47fc00a2c39e90264f33305004495a9","hash":"e749ec65c01b0659287ce8750a10686b87eddcac"}
}
