TN:
SF:components/Button.js
FN:2,(anonymous_0)
FNF:1
FNH:1
FNDA:21,(anonymous_0)
DA:2,2
DA:3,21
DA:9,2
LF:3
LH:3
BRF:0
BRH:0
end_of_record
TN:
SF:components/Card.js
FN:2,(anonymous_0)
FNF:1
FNH:1
FNDA:11,(anonymous_0)
DA:2,2
DA:3,11
DA:16,2
LF:3
LH:3
BRF:0
BRH:0
end_of_record
TN:
SF:screens/AddDestinationScreen.js
FN:15,(anonymous_0)
FN:20,verifyPermissionHandler
FN:31,(anonymous_2)
FN:54,(anonymous_3)
FN:61,(anonymous_4)
FNF:5
FNH:5
FNDA:4,(anonymous_0)
FNDA:2,verifyPermissionHandler
FNDA:2,(anonymous_2)
FNDA:1,(anonymous_3)
FNDA:10,(anonymous_4)
DA:10,1
DA:15,1
DA:16,4
DA:17,4
DA:18,4
DA:21,2
DA:22,2
DA:23,1
DA:27,1
DA:29,1
DA:31,4
DA:32,2
DA:34,2
DA:35,1
DA:37,1
DA:44,1
DA:45,1
DA:49,4
DA:55,1
DA:56,1
DA:57,1
DA:58,1
DA:69,10
DA:124,1
LF:24
LH:24
BRDA:22,0,0,1
BRDA:22,0,1,1
BRDA:34,1,0,1
BRDA:34,1,1,1
BRDA:44,2,0,1
BRDA:44,2,1,0
BRDA:79,3,0,10
BRDA:79,3,1,5
BRDA:96,4,0,10
BRDA:96,4,1,4
BRDA:96,4,2,2
BRDA:110,5,0,10
BRDA:110,5,1,4
BRDA:110,5,2,1
BRDA:114,6,0,10
BRDA:114,6,1,0
BRDA:114,6,2,0
BRF:17
BRH:14
end_of_record
TN:
SF:screens/DetailsScreen.js
FN:11,(anonymous_0)
FN:20,(anonymous_1)
FN:34,(anonymous_2)
FN:38,(anonymous_3)
FN:42,(anonymous_4)
FNF:5
FNH:5
FNDA:2,(anonymous_0)
FNDA:2,(anonymous_1)
FNDA:2,(anonymous_2)
FNDA:2,(anonymous_3)
FNDA:2,(anonymous_4)
DA:11,1
DA:12,2
DA:13,2
DA:15,2
DA:16,2
DA:17,2
DA:18,2
DA:19,2
DA:20,2
DA:21,2
DA:25,2
DA:29,2
DA:34,2
DA:35,2
DA:38,2
DA:39,2
DA:42,2
DA:43,2
DA:46,2
DA:73,1
LF:20
LH:20
BRF:0
BRH:0
end_of_record
TN:
SF:screens/HomeScreen.js
FN:12,(anonymous_0)
FN:18,(anonymous_1)
FN:20,(anonymous_2)
FN:21,(anonymous_3)
FN:22,(anonymous_4)
FN:31,(anonymous_5)
FN:54,(anonymous_6)
FN:55,(anonymous_7)
FN:59,(anonymous_8)
FNF:9
FNH:9
FNDA:8,(anonymous_0)
FNDA:4,(anonymous_1)
FNDA:3,(anonymous_2)
FNDA:3,(anonymous_3)
FNDA:6,(anonymous_4)
FNDA:1,(anonymous_5)
FNDA:13,(anonymous_6)
FNDA:10,(anonymous_7)
FNDA:1,(anonymous_8)
DA:12,1
DA:13,8
DA:14,8
DA:15,8
DA:16,8
DA:17,8
DA:18,8
DA:19,4
DA:20,3
DA:22,6
DA:28,3
DA:29,3
DA:32,1
DA:33,1
DA:36,8
DA:38,8
DA:39,4
DA:47,4
DA:48,1
DA:50,3
DA:54,13
DA:56,10
DA:60,1
DA:70,1
LF:24
LH:24
BRDA:38,0,0,4
BRDA:38,0,1,4
BRDA:47,1,0,1
BRDA:47,1,1,3
BRF:4
BRH:4
end_of_record
TN:
SF:store/context/DestinationContext.js
FN:5,(anonymous_0)
FN:8,(anonymous_1)
FN:9,(anonymous_2)
FN:17,(anonymous_3)
FN:18,(anonymous_4)
FN:23,(anonymous_5)
FN:24,(anonymous_6)
FNF:7
FNH:7
FNDA:6,(anonymous_0)
FNDA:3,(anonymous_1)
FNDA:3,(anonymous_2)
FNDA:6,(anonymous_3)
FNDA:6,(anonymous_4)
FNDA:2,(anonymous_5)
FNDA:2,(anonymous_6)
DA:4,3
DA:5,3
DA:6,6
DA:8,6
DA:9,3
DA:10,3
DA:11,3
DA:12,1
DA:15,3
DA:17,6
DA:18,6
DA:19,6
DA:21,6
DA:23,6
DA:24,2
DA:26,6
LF:16
LH:16
BRDA:11,0,0,1
BRDA:11,0,1,2
BRF:2
BRH:2
end_of_record
TN:
SF:store/context/ThemContext.js
FN:3,(anonymous_0)
FN:5,(anonymous_1)
FN:6,(anonymous_2)
FNF:3
FNH:3
FNDA:3,(anonymous_0)
FNDA:2,(anonymous_1)
FNDA:2,(anonymous_2)
DA:2,4
DA:3,4
DA:4,3
DA:5,3
DA:6,2
DA:8,3
DA:33,3
LF:7
LH:7
BRDA:11,0,0,1
BRDA:11,0,1,2
BRF:2
BRH:2
end_of_record
